NFA:
5
starea 0 din $-NFA a devenit starea 0 in NFA
starea 1 din $-NFA a devenit starea 1 in NFA
starea 2 din $-NFA a fost eliminata
starea 3 din $-NFA a devenit starea 2 in NFA
starea 4 din $-NFA a devenit starea 3 in NFA
starea 5 din $-NFA a fost eliminata
starea 6 din $-NFA a devenit starea 4 in NFA
2
a b 
0
5
0 1 2 3 4 
29
0 a 0
0 a 1
0 a 2
0 a 3
0 a 4
0 b 1
0 b 2
0 b 3
0 b 4
1 a 1
1 a 2
1 a 3
1 a 4
1 b 1
1 b 3
1 b 4
2 a 1
2 a 2
2 a 3
2 a 4
2 b 1
2 b 2
2 b 3
2 b 4
3 a 4
3 b 1
3 b 3
3 b 4
4 b 4
